<?xml version="1.0" encoding="UTF-8"?>
<!-- Generated by org.testng.reporters.JUnitReportReporter -->
<testsuite hostname="SHANKAR-PC" failures="0" tests="3" name="com.crm.qa.testcaes.LoginPageTest" time="42.200" errors="0" timestamp="11 Aug 2022 17:26:20 GMT" skipped="0">
  <testcase classname="com.crm.qa.testcaes.LoginPageTest" name="loginPageTitleTest" time="10.470"/>
  <testcase classname="com.crm.qa.testcaes.LoginPageTest" name="crmLogoImageTest" time="9.730"/>
  <testcase classname="com.crm.qa.testcaes.LoginPageTest" name="loginTest" time="22.000"/>
</testsuite> <!-- com.crm.qa.testcaes.LoginPageTest -->
